<?xml version="1.0" encoding="UTF-8" ?>
<testsuite errors="0" failures="0" name="org.apache.axis.om.impl.streamwrapper.OmStAXBuilderTest" tests="1" time="0.172">
  <properties>
    <property name="file.encoding.pkg" value="sun.io"></property>
    <property name="maven.compile.debug" value="on"></property>
    <property name="maven.property.inheritance" value="true"></property>
    <property name="java.home" value="C:\j2sdk1.4.2\jre"></property>
    <property name="maven.distBuildIndicator" value="DIST_BUILD_DIRECTORY"></property>
    <property name="context" value="org.apache.maven.jelly.MavenJellyContext@1113622"></property>
    <property name="maven.plugin.unpacked.dir" value="C:\Documents and Settings\EC/.maven/cache"></property>
    <property name="java.endorsed.dirs" value="C:\j2sdk1.4.2\lib\endorsed;d:\Maven 1.0.1\lib\endorsed"></property>
    <property name="maven.conf.dir" value="E:\SVN\java\dev\scratch\prototype2/conf"></property>
    <property name="org.apache.commons.jelly.ant.Project" value="org.apache.commons.grant.GrantProject@1f6f27b"></property>
    <property name="maven.xdoc.includeProjectDocumentation" value="yes"></property>
    <property name="maven.docs.omitXmlDeclaration" value="false"></property>
    <property name="maven.xdoc.version" value="1.0"></property>
    <property name="sun.os.patch.level" value="Service Pack 2"></property>
    <property name="java.vendor.url" value="http://java.sun.com/"></property>
    <property name="maven.build.dir" value="E:\SVN\java\dev\scratch\prototype2/target"></property>
    <property name="java.version" value="1.4.2_01"></property>
    <property name="maven.remote.group" value="maven"></property>
    <property name="java.vendor.url.bug" value="http://java.sun.com/cgi-bin/bugreport.cgi"></property>
    <property name="maven.junit.jvm" value=""></property>
    <property name="user.name" value="EC"></property>
    <property name="sun.io.unicode.encoding" value="UnicodeLittle"></property>
    <property name="maven.junit.printSummary" value="true"></property>
    <property name="sourcesPresent" value="true"></property>
    <property name="java.runtime.name" value="Java(TM) 2 Runtime Environment, Standard Edition"></property>
    <property name="maven.xdoc.date.format" value="dd MMMM yyyy"></property>
    <property name="java.specification.name" value="Java Platform API Specification"></property>
    <property name="user.timezone" value="Asia/Colombo"></property>
    <property name="maven.xdoc.poweredby.title" value="Built by Maven"></property>
    <property name="maven.ssh.executable" value="ssh"></property>
    <property name="path.separator" value=";"></property>
    <property name="maven.xdoc.pomDocuments" value="cvs-usage.xml,index.xml,maven-reports.xml,dependencies.xml,issue-tracking.xml,mail-lists.xml,project-info.xml,team-list.xml,downloads.jelly"></property>
    <property name="file.encoding" value="Cp1252"></property>
    <property name="maven.antlr.target.dir" value="E:\SVN\java\dev\scratch\prototype2/target/antlr"></property>
    <property name="maven.jar.mainclass" value=""></property>
    <property name="systemScope" value="{java.runtime.name=Java(TM) 2 Runtime Environment, Standard Edition, sun.boot.library.path=C:\j2sdk1.4.2\jre\bin, java.vm.version=1.4.2_01-b06, java.vm.vendor=Sun Microsystems Inc., java.vendor.url=http://java.sun.com/, path.separator=;, java.vm.name=Java HotSpot(TM) Client VM, file.encoding.pkg=sun.io, user.country=US, sun.os.patch.level=Service Pack 2, java.vm.specification.name=Java Virtual Machine Specification, user.dir=E:\SVN\java\dev\scratch\prototype2, java.runtime.version=1.4.2_01-b06, forehead.conf.file=d:\Maven 1.0.1\bin\forehead.conf, java.awt.graphicsenv=sun.awt.Win32GraphicsEnvironment, java.endorsed.dirs=C:\j2sdk1.4.2\lib\endorsed;d:\Maven 1.0.1\lib\endorsed, os.arch=x86, java.io.tmpdir=C:\DOCUME~1\EC\LOCALS~1\Temp\, line.separator=
, java.vm.specification.vendor=Sun Microsystems Inc., user.variant=, os.name=Windows XP, sun.java2d.fontpath=, tools.jar=C:\j2sdk1.4.2\lib\tools.jar, javax.xml.parsers.SAXParserFactory=org.apache.xerces.jaxp.SAXParserFactoryImpl, java.library.path=C:\j2sdk1.4.2\bin;.;C:\WINDOWS\system32;C:\WINDOWS;C:\WINDOWS\system32;C:\WINDOWS;C:\WINDOWS\System32\Wbem;D:\PROGRA~1\ULTRAE~1;C:\MSSQL7\BINN;C:\Program Files\Common Files\Ulead Systems\MPEG;F:\Tutorials\XMLBeans\xmlbeans-1.0.3\bin;C:\j2sdk1.4.2\bin;D:\Maven 1.0.1\bin;D:\Program Files\TortoiseSVN\bin;d:\Program Files\SSH Communications Security\SSH Secure Shell, java.specification.name=Java Platform API Specification, java.class.version=48.0, java.util.prefs.PreferencesFactory=java.util.prefs.WindowsPreferencesFactory, os.version=5.1, user.home=C:\Documents and Settings\EC, user.timezone=Asia/Colombo, java.awt.printerjob=sun.awt.windows.WPrinterJob, file.encoding=Cp1252, java.specification.version=1.4, java.class.path=d:\Maven 1.0.1\lib\forehead-1.0-beta-5.jar, user.name=EC, java.vm.specification.version=1.0, java.home=C:\j2sdk1.4.2\jre, sun.arch.data.model=32, user.language=en, java.specification.vendor=Sun Microsystems Inc., awt.toolkit=sun.awt.windows.WToolkit, java.vm.info=mixed mode, java.version=1.4.2_01, java.ext.dirs=C:\j2sdk1.4.2\jre\lib\ext, sun.boot.class.path=d:\Maven 1.0.1\lib\endorsed\xerces-2.4.0.jar;d:\Maven 1.0.1\lib\endorsed\xml-apis-1.0.b2.jar;C:\j2sdk1.4.2\jre\lib\rt.jar;C:\j2sdk1.4.2\jre\lib\i18n.jar;C:\j2sdk1.4.2\jre\lib\sunrsasign.jar;C:\j2sdk1.4.2\jre\lib\jsse.jar;C:\j2sdk1.4.2\jre\lib\jce.jar;C:\j2sdk1.4.2\jre\lib\charsets.jar;C:\j2sdk1.4.2\jre\classes, javax.xml.parsers.DocumentBuilderFactory=org.apache.xerces.jaxp.DocumentBuilderFactoryImpl, java.vendor=Sun Microsystems Inc., maven.home=d:\Maven 1.0.1, file.separator=\, java.vendor.url.bug=http://java.sun.com/cgi-bin/bugreport.cgi, sun.io.unicode.encoding=UnicodeLittle, sun.cpu.endian=little, sun.cpu.isalist=pentium i486 i386}"></property>
    <property name="maven.junit.dir" value="E:\SVN\java\dev\scratch\prototype2"></property>
    <property name="maven.xdoc.poweredby.image" value="maven-button-1.png"></property>
    <property name="maven.jar.index" value="false"></property>
    <property name="java.io.tmpdir" value="C:\DOCUME~1\EC\LOCALS~1\Temp\"></property>
    <property name="user.language" value="en"></property>
    <property name="maven.xdoc.date" value="left"></property>
    <property name="line.separator" value="
"></property>
    <property name="maven.repo.local" value="C:\Documents and Settings\EC/.maven/repository"></property>
    <property name="maven.plugin.user.dir" value="C:\Documents and Settings\EC/.maven/plugins"></property>
    <property name="maven.artifact.manifest.basedir" value="/plugin-resources/templates"></property>
    <property name="maven.junit.fork" value="no "></property>
    <property name="maven.junit.usefile" value="true"></property>
    <property name="maven.junit.format" value="brief"></property>
    <property name="maven.compile.optimize" value="off"></property>
    <property name="java.vm.info" value="mixed mode"></property>
    <property name="maven.repo.remote.enabled" value="true"></property>
    <property name="java.util.prefs.PreferencesFactory" value="java.util.prefs.WindowsPreferencesFactory"></property>
    <property name="java.vm.specification.name" value="Java Virtual Machine Specification"></property>
    <property name="maven.emacsModeOn" value="false"></property>
    <property name="maven.build.dest" value="E:\SVN\java\dev\scratch\prototype2/target/classes"></property>
    <property name="maven.jar.manifest.extensions.add" value="false"></property>
    <property name="maven.compile.deprecation" value="off"></property>
    <property name="maven.xdoc.projectInfo" value="cvs-usage.xml,dependencies.xml,issue-tracking.xml,mail-lists.xml,project-info.xml,team-list.xml,downloads.jelly"></property>
    <property name="parentScope" value="{maven.session=org.apache.maven.MavenSession@1a99347, java.vendor=org.apache.commons.jelly.expression.ConstantExpression@430b6[value=Sun Microsystems Inc.], os.name=org.apache.commons.jelly.expression.ConstantExpression@11a01dd[value=Windows XP], sun.boot.class.path=org.apache.commons.jelly.expression.ConstantExpression@70610a[value=d:\Maven 1.0.1\lib\endorsed\xerces-2.4.0.jar;d:\Maven 1.0.1\lib\endorsed\xml-apis-1.0.b2.jar;C:\j2sdk1.4.2\jre\lib\rt.jar;C:\j2sdk1.4.2\jre\lib\i18n.jar;C:\j2sdk1.4.2\jre\lib\sunrsasign.jar;C:\j2sdk1.4.2\jre\lib\jsse.jar;C:\j2sdk1.4.2\jre\lib\jce.jar;C:\j2sdk1.4.2\jre\lib\charsets.jar;C:\j2sdk1.4.2\jre\classes], maven.distBuildDirectory=org.apache.commons.jelly.expression.CompositeExpression@1f31652[expressions=[org.apache.commons.jelly.expression.jexl.JexlExpressionFactory$ExpressionSupportLocal@3e96cf[expression:basedir], org.apache.commons.jelly.expression.ConstantExpression@11ef443[value=/target]]], tools.jar=org.apache.commons.jelly.expression.ConstantExpression@1367e28[value=C:\j2sdk1.4.2\lib\tools.jar], sun.java2d.fontpath=org.apache.commons.jelly.expression.ConstantExpression@94af2f[value=], java.vm.specification.vendor=org.apache.commons.jelly.expression.ConstantExpression@1797795[value=Sun Microsystems Inc.], java.runtime.version=org.apache.commons.jelly.expression.ConstantExpression@19a0203[value=1.4.2_01-b06], maven.repo.remote.enabled=org.apache.commons.jelly.expression.ConstantExpression@1fa39bb[value=true], maven.xdoc.version=org.apache.commons.jelly.expression.jexl.JexlExpressionFactory$ExpressionSupportLocal@e45b5e[expression:pom.currentVersion], systemScope={java.runtime.name=Java(TM) 2 Runtime Environment, Standard Edition, sun.boot.library.path=C:\j2sdk1.4.2\jre\bin, java.vm.version=1.4.2_01-b06, java.vm.vendor=Sun Microsystems Inc., java.vendor.url=http://java.sun.com/, path.separator=;, java.vm.name=Java HotSpot(TM) Client VM, file.encoding.pkg=sun.io, user.country=US, sun.os.patch.level=Service Pack 2, java.vm.specification.name=Java Virtual Machine Specification, user.dir=E:\SVN\java\dev\scratch\prototype2, java.runtime.version=1.4.2_01-b06, forehead.conf.file=d:\Maven 1.0.1\bin\forehead.conf, java.awt.graphicsenv=sun.awt.Win32GraphicsEnvironment, java.endorsed.dirs=C:\j2sdk1.4.2\lib\endorsed;d:\Maven 1.0.1\lib\endorsed, os.arch=x86, java.io.tmpdir=C:\DOCUME~1\EC\LOCALS~1\Temp\, line.separator=
, java.vm.specification.vendor=Sun Microsystems Inc., user.variant=, os.name=Windows XP, sun.java2d.fontpath=, tools.jar=C:\j2sdk1.4.2\lib\tools.jar, javax.xml.parsers.SAXParserFactory=org.apache.xerces.jaxp.SAXParserFactoryImpl, java.library.path=C:\j2sdk1.4.2\bin;.;C:\WINDOWS\system32;C:\WINDOWS;C:\WINDOWS\system32;C:\WINDOWS;C:\WINDOWS\System32\Wbem;D:\PROGRA~1\ULTRAE~1;C:\MSSQL7\BINN;C:\Program Files\Common Files\Ulead Systems\MPEG;F:\Tutorials\XMLBeans\xmlbeans-1.0.3\bin;C:\j2sdk1.4.2\bin;D:\Maven 1.0.1\bin;D:\Program Files\TortoiseSVN\bin;d:\Program Files\SSH Communications Security\SSH Secure Shell, java.specification.name=Java Platform API Specification, java.class.version=48.0, java.util.prefs.PreferencesFactory=java.util.prefs.WindowsPreferencesFactory, os.version=5.1, user.home=C:\Documents and Settings\EC, user.timezone=Asia/Colombo, java.awt.printerjob=sun.awt.windows.WPrinterJob, file.encoding=Cp1252, java.specification.version=1.4, java.class.path=d:\Maven 1.0.1\lib\forehead-1.0-beta-5.jar, user.name=EC, java.vm.specification.version=1.0, java.home=C:\j2sdk1.4.2\jre, sun.arch.data.model=32, user.language=en, java.specification.vendor=Sun Microsystems Inc., awt.toolkit=sun.awt.windows.WToolkit, java.vm.info=mixed mode, java.version=1.4.2_01, java.ext.dirs=C:\j2sdk1.4.2\jre\lib\ext, sun.boot.class.path=d:\Maven 1.0.1\lib\endorsed\xerces-2.4.0.jar;d:\Maven 1.0.1\lib\endorsed\xml-apis-1.0.b2.jar;C:\j2sdk1.4.2\jre\lib\rt.jar;C:\j2sdk1.4.2\jre\lib\i18n.jar;C:\j2sdk1.4.2\jre\lib\sunrsasign.jar;C:\j2sdk1.4.2\jre\lib\jsse.jar;C:\j2sdk1.4.2\jre\lib\jce.jar;C:\j2sdk1.4.2\jre\lib\charsets.jar;C:\j2sdk1.4.2\jre\classes, javax.xml.parsers.DocumentBuilderFactory=org.apache.xerces.jaxp.DocumentBuilderFactoryImpl, java.vendor=Sun Microsystems Inc., maven.home=d:\Maven 1.0.1, file.separator=\, java.vendor.url.bug=http://java.sun.com/cgi-bin/bugreport.cgi, sun.io.unicode.encoding=UnicodeLittle, sun.cpu.endian=little, sun.cpu.isalist=pentium i486 i386}, user.name=org.apache.commons.jelly.expression.ConstantExpression@2ab653[value=EC], maven.debugOn=false, maven.compile.debug=org.apache.commons.jelly.expression.ConstantExpression@28305d[value=on], maven.repo.local=org.apache.commons.jelly.expression.CompositeExpression@7f58ef[expressions=[org.apache.commons.jelly.expression.jexl.JexlExpressionFactory$ExpressionSupportLocal@a7dd39[expression:maven.home.local], org.apache.commons.jelly.expression.ConstantExpression@acdd02[value=/repository]]], maven.jar.excludes=org.apache.commons.jelly.expression.ConstantExpression@e1dac2[value=**/jndi.properties], maven.defaults.loaded=org.apache.commons.jelly.expression.ConstantExpression@1e12f6d[value=true], javax.xml.parsers.SAXParserFactory=org.apache.commons.jelly.expression.ConstantExpression@f0b4a3[value=org.apache.xerces.jaxp.SAXParserFactoryImpl], maven.docs.omitXmlDeclaration=org.apache.commons.jelly.expression.ConstantExpression@e34726[value=false], user.language=org.apache.commons.jelly.expression.ConstantExpression@15428dd[value=en], sun.boot.library.path=org.apache.commons.jelly.expression.ConstantExpression@46d228[value=C:\j2sdk1.4.2\jre\bin], maven.build.dest=org.apache.commons.jelly.expression.CompositeExpression@18f7386[expressions=[org.apache.commons.jelly.expression.jexl.JexlExpressionFactory$ExpressionSupportLocal@e99681[expression:maven.build.dir], org.apache.commons.jelly.expression.ConstantExpression@1980630[value=/classes]]], maven.xmlOutput=org.apache.commons.jelly.XMLOutput$1@1be4777[contentHandler=org.dom4j.io.XMLWriter@145e2d5;lexicalHandler=org.dom4j.io.XMLWriter@145e2d5], maven.plugin.user.dir=org.apache.commons.jelly.expression.CompositeExpression@12f1bf0[expressions=[org.apache.commons.jelly.expression.jexl.JexlExpressionFactory$ExpressionSupportLocal@1d32e45[expression:maven.home.local], org.apache.commons.jelly.expression.ConstantExpression@182ef6b[value=/plugins]]], java.version=org.apache.commons.jelly.expression.ConstantExpression@1347124[value=1.4.2_01], user.timezone=org.apache.commons.jelly.expression.ConstantExpression@1f02b85[value=], sun.arch.data.model=org.apache.commons.jelly.expression.ConstantExpression@b957ea[value=32], java.endorsed.dirs=org.apache.commons.jelly.expression.ConstantExpression@3aff84[value=C:\j2sdk1.4.2\lib\endorsed;d:\Maven 1.0.1\lib\endorsed], sun.cpu.isalist=org.apache.commons.jelly.expression.ConstantExpression@15d4de6[value=pentium i486 i386], maven.property.inheritance=org.apache.commons.jelly.expression.ConstantExpression@a53de4[value=true], file.encoding.pkg=org.apache.commons.jelly.expression.ConstantExpression@827968[value=sun.io], maven.xdoc.date=org.apache.commons.jelly.expression.ConstantExpression@1f0b7d3[value=left], file.separator=org.apache.commons.jelly.expression.ConstantExpression@b4be3d[value=\], java.specification.name=org.apache.commons.jelly.expression.ConstantExpression@35bb0f[value=Java Platform API Specification], maven.src.dir=org.apache.commons.jelly.expression.CompositeExpression@18bd7f1[expressions=[org.apache.commons.jelly.expression.jexl.JexlExpressionFactory$ExpressionSupportLocal@e4245[expression:basedir], org.apache.commons.jelly.expression.ConstantExpression@20fa83[value=/src]]], java.class.version=org.apache.commons.jelly.expression.ConstantExpression@11eb199[value=48.0], user.country=org.apache.commons.jelly.expression.ConstantExpression@1de498[value=US], java.home=org.apache.commons.jelly.expression.ConstantExpression@8ae45a[value=C:\j2sdk1.4.2\jre], javax.xml.parsers.DocumentBuilderFactory=org.apache.commons.jelly.expression.ConstantExpression@95da38[value=org.apache.xerces.jaxp.DocumentBuilderFactoryImpl], forehead.conf.file=org.apache.commons.jelly.expression.ConstantExpression@29c204[value=d:\Maven 1.0.1\bin\forehead.conf], java.vm.info=org.apache.commons.jelly.expression.ConstantExpression@180cf2a[value=mixed mode], os.version=org.apache.commons.jelly.expression.ConstantExpression@1a0d866[value=5.1], maven.conf.dir=org.apache.commons.jelly.expression.CompositeExpression@df48c4[expressions=[org.apache.commons.jelly.expression.jexl.JexlExpressionFactory$ExpressionSupportLocal@1226a77[expression:basedir], org.apache.commons.jelly.expression.ConstantExpression@7be8c2[value=/conf]]], path.separator=org.apache.commons.jelly.expression.ConstantExpression@ee3aa7[value=;], java.vm.version=org.apache.commons.jelly.expression.ConstantExpression@4cd580[value=1.4.2_01-b06], maven.build.dir=org.apache.commons.jelly.expression.CompositeExpression@54f9f1[expressions=[org.apache.commons.jelly.expression.jexl.JexlExpressionFactory$ExpressionSupportLocal@e576d4[expression:basedir], org.apache.commons.jelly.expression.ConstantExpression@dc86eb[value=/target]]], java.util.prefs.PreferencesFactory=org.apache.commons.jelly.expression.ConstantExpression@1db5ec[value=java.util.prefs.WindowsPreferencesFactory], user.variant=org.apache.commons.jelly.expression.ConstantExpression@92b1a1[value=], maven.ssh.executable=org.apache.commons.jelly.expression.ConstantExpression@cbf9bd[value=ssh], maven.emacsModeOn=false, java.awt.printerjob=org.apache.commons.jelly.expression.ConstantExpression@17918f0[value=sun.awt.windows.WPrinterJob], sun.io.unicode.encoding=org.apache.commons.jelly.expression.ConstantExpression@1546dbc[value=UnicodeLittle], awt.toolkit=org.apache.commons.jelly.expression.ConstantExpression@1f08ed8[value=sun.awt.windows.WToolkit], maven.compile.optimize=org.apache.commons.jelly.expression.ConstantExpression@322bce[value=off], user.home=org.apache.commons.jelly.expression.ConstantExpression@1d9e282[value=C:\Documents and Settings\EC], java.specification.vendor=org.apache.commons.jelly.expression.ConstantExpression@1a5db4b[value=Sun Microsystems Inc.], maven.final.dir=org.apache.commons.jelly.expression.CompositeExpression@1e0512a[expressions=[org.apache.commons.jelly.expression.jexl.JexlExpressionFactory$ExpressionSupportLocal@1f0aecc[expression:basedir], org.apache.commons.jelly.expression.ConstantExpression@64023c[value=/], org.apache.commons.jelly.expression.jexl.JexlExpressionFactory$ExpressionSupportLocal@1cebc9f[expression:maven.final.name]]], maven.build.src=org.apache.commons.jelly.expression.CompositeExpression@1c1ac46[expressions=[org.apache.commons.jelly.expression.jexl.JexlExpressionFactory$ExpressionSupportLocal@1557c0[expression:maven.build.dir], org.apache.commons.jelly.expression.ConstantExpression@1342a67[value=/src]]], maven.build=org.apache.commons.jelly.expression.ConstantExpression@1cbda0a[value=MAVEN_BUILD_NOT_SET], java.library.path=org.apache.commons.jelly.expression.ConstantExpression@57ea52[value=C:\j2sdk1.4.2\bin;.;C:\WINDOWS\system32;C:\WINDOWS;C:\WINDOWS\system32;C:\WINDOWS;C:\WINDOWS\System32\Wbem;D:\PROGRA~1\ULTRAE~1;C:\MSSQL7\BINN;C:\Program Files\Common Files\Ulead Systems\MPEG;F:\Tutorials\XMLBeans\xmlbeans-1.0.3\bin;C:\j2sdk1.4.2\bin;D:\Maven 1.0.1\bin;D:\Program Files\TortoiseSVN\bin;d:\Program Files\SSH Communications Security\SSH Secure Shell], java.vendor.url=org.apache.commons.jelly.expression.ConstantExpression@1d8d39f[value=http://java.sun.com/], java.vm.vendor=org.apache.commons.jelly.expression.ConstantExpression@2d95b3[value=Sun Microsystems Inc.], maven.username=org.apache.commons.jelly.expression.ConstantExpression@bf5555[value=USERNAME_NOT_SET], maven.home=org.apache.commons.jelly.expression.ConstantExpression@17b4703[value=d:\Maven 1.0.1], java.runtime.name=org.apache.commons.jelly.expression.ConstantExpression@73305c[value=Java(TM) 2 Runtime Environment, Standard Edition], java.class.path=org.apache.commons.jelly.expression.ConstantExpression@6c1a82[value=d:\Maven 1.0.1\lib\forehead-1.0-beta-5.jar], maven.remote.group=org.apache.commons.jelly.expression.ConstantExpression@1408a92[value=maven], maven.gen.docs=org.apache.commons.jelly.expression.CompositeExpression@4977e2[expressions=[org.apache.commons.jelly.expression.jexl.JexlExpressionFactory$ExpressionSupportLocal@15db13f[expression:maven.build.dir], org.apache.commons.jelly.expression.ConstantExpression@1fc1a6[value=/generated-xdocs]]], context=org.apache.maven.jelly.MavenJellyContext@e29820, maven.distDirectory=org.apache.commons.jelly.expression.CompositeExpression@718242[expressions=[org.apache.commons.jelly.expression.jexl.JexlExpressionFactory$ExpressionSupportLocal@1ec58a[expression:basedir], org.apache.commons.jelly.expression.ConstantExpression@3afb99[value=/dist]]], maven.docs.dest=org.apache.commons.jelly.expression.CompositeExpression@5c3987[expressions=[org.apache.commons.jelly.expression.jexl.JexlExpressionFactory$ExpressionSupportLocal@c4d04d[expression:maven.build.dir], org.apache.commons.jelly.expression.ConstantExpression@147917a[value=/docs]]], java.vm.specification.name=org.apache.commons.jelly.expression.ConstantExpression@19fe451[value=Java Virtual Machine Specification], maven.compile.deprecation=org.apache.commons.jelly.expression.ConstantExpression@46b90a[value=off], maven.docs.outputencoding=org.apache.commons.jelly.expression.ConstantExpression@11e67ac[value=ISO-8859-1], java.vm.specification.version=org.apache.commons.jelly.expression.ConstantExpression@1284fd4[value=1.0], sun.cpu.endian=org.apache.commons.jelly.expression.ConstantExpression@190ef12[value=little], sun.os.patch.level=org.apache.commons.jelly.expression.ConstantExpression@3f96ee[value=Service Pack 2], maven.plugin.unpacked.dir=org.apache.commons.jelly.expression.CompositeExpression@ce16ad[expressions=[org.apache.commons.jelly.expression.jexl.JexlExpressionFactory$ExpressionSupportLocal@32bd65[expression:maven.home.local], org.apache.commons.jelly.expression.ConstantExpression@130633a[value=/cache]]], java.io.tmpdir=org.apache.commons.jelly.expression.ConstantExpression@1c286e2[value=C:\DOCUME~1\EC\LOCALS~1\Temp\], maven.scp.executable=org.apache.commons.jelly.expression.ConstantExpression@257f1b[value=scp], java.vendor.url.bug=org.apache.commons.jelly.expression.ConstantExpression@1bbdd48[value=http://java.sun.com/cgi-bin/bugreport.cgi], maven.final.name=org.apache.commons.jelly.expression.CompositeExpression@bcb23e[expressions=[org.apache.commons.jelly.expression.jexl.JexlExpressionFactory$ExpressionSupportLocal@5a3923[expression:pom.artifactId], org.apache.commons.jelly.expression.ConstantExpression@15d616e[value=-], org.apache.commons.jelly.expression.jexl.JexlExpressionFactory$ExpressionSupportLocal@1a7b0bf[expression:pom.currentVersion]]], maven.distBuildIndicator=org.apache.commons.jelly.expression.ConstantExpression@44f787[value=DIST_BUILD_DIRECTORY], os.arch=org.apache.commons.jelly.expression.ConstantExpression@1d6fbb3[value=x86], java.awt.graphicsenv=org.apache.commons.jelly.expression.ConstantExpression@126d3df[value=sun.awt.Win32GraphicsEnvironment], java.ext.dirs=org.apache.commons.jelly.expression.ConstantExpression@2016b0[value=C:\j2sdk1.4.2\jre\lib\ext], user.dir=org.apache.commons.jelly.expression.ConstantExpression@b1a4e2[value=E:\SVN\java\dev\scratch\prototype2], maven.docs.src=org.apache.commons.jelly.expression.CompositeExpression@c00025[expressions=[org.apache.commons.jelly.expression.jexl.JexlExpressionFactory$ExpressionSupportLocal@149a794[expression:basedir], org.apache.commons.jelly.expression.ConstantExpression@9903f4[value=/xdocs]]], line.separator=org.apache.commons.jelly.expression.ConstantExpression@1d2b9b7[value=
], java.vm.name=org.apache.commons.jelly.expression.ConstantExpression@19ecd80[value=Java HotSpot(TM) Client VM], basedir=E:\SVN\java\dev\scratch\prototype2, maven.plugin.dir=org.apache.commons.jelly.expression.CompositeExpression@c5aa00[expressions=[org.apache.commons.jelly.expression.jexl.JexlExpressionFactory$ExpressionSupportLocal@11c0d60[expression:maven.home], org.apache.commons.jelly.expression.ConstantExpression@b23d12[value=/plugins]]], file.encoding=org.apache.commons.jelly.expression.ConstantExpression@1c783c5[value=Cp1252], maven.application.version=org.apache.commons.jelly.expression.ConstantExpression@19c0bd6[value=1.0.1], maven.repo.remote=org.apache.commons.jelly.expression.ConstantExpression@1cd280b[value=http://ws.apache.org/~dims/maven, http://www.ibiblio.org/maven, http://ws.apache.org/~hemapani/maven,http://dist.codehaus.org], maven.mode.online=org.apache.commons.jelly.expression.ConstantExpression@29ac[value=true], java.specification.version=org.apache.commons.jelly.expression.ConstantExpression@b0095d[value=1.4], maven.home.local=org.apache.commons.jelly.expression.CompositeExpression@136d9d8[expressions=[org.apache.commons.jelly.expression.jexl.JexlExpressionFactory$ExpressionSupportLocal@1827d1[expression:user.home], org.apache.commons.jelly.expression.ConstantExpression@1de45e2[value=/.maven]]]}"></property>
    <property name="maven.artifact.manifest.template" value="manifest.vm"></property>
    <property name="maven.plugin.dir" value="d:\Maven 1.0.1/plugins"></property>
    <property name="org.apache.commons.jelly.werkz.Project" value="[Werkz: goals={test:test=[Goal: name=&quot;test:test&quot;]; precursor=[[Goal: name=&quot;test:compile&quot;]; precursor=[[Goal: name=&quot;java:compile&quot;]; precursor=[[Goal: name=&quot;java:prepare-filesystem&quot;]; precursor=[]]]], [Goal: name=&quot;java:jar-resources&quot;]; precursor=[]], [Goal: name=&quot;test:prepare-filesystem&quot;]; precursor=[]], [Goal: name=&quot;test:test-resources&quot;]; precursor=[[Goal: name=&quot;test:prepare-filesystem&quot;]; precursor=[]]]]]]]], license:transfer=[Goal: name=&quot;license:transfer&quot;]; precursor=[[Goal: name=&quot;xdoc:init&quot;]; precursor=[]]]], xdoc:jelly-init=[Goal: name=&quot;xdoc:jelly-init&quot;]; precursor=[]], pom:deploy=[Goal: name=&quot;pom:deploy&quot;]; precursor=[]], test:single=[Goal: name=&quot;test:single&quot;]; precursor=[[Goal: name=&quot;test:compile&quot;]; precursor=[[Goal: name=&quot;java:compile&quot;]; precursor=[[Goal: name=&quot;java:prepare-filesystem&quot;]; precursor=[]]]], [Goal: name=&quot;java:jar-resources&quot;]; precursor=[]], [Goal: name=&quot;test:prepare-filesystem&quot;]; precursor=[]], [Goal: name=&quot;test:test-resources&quot;]; precursor=[[Goal: name=&quot;test:prepare-filesystem&quot;]; precursor=[]]]]]]]], build:end=[Goal: name=&quot;build:end&quot;]; precursor=[]], test:single-test=[Goal: name=&quot;test:single-test&quot;]; precursor=[]], jar:snapshot=[Goal: name=&quot;jar:snapshot&quot;]; precursor=[]], jar:install=[Goal: name=&quot;jar:install&quot;]; precursor=[[Goal: name=&quot;jar:jar&quot;]; precursor=[[Goal: name=&quot;test:test&quot;]; precursor=[[Goal: name=&quot;test:compile&quot;]; precursor=[[Goal: name=&quot;java:compile&quot;]; precursor=[[Goal: name=&quot;java:prepare-filesystem&quot;]; precursor=[]]]], [Goal: name=&quot;java:jar-resources&quot;]; precursor=[]], [Goal: name=&quot;test:prepare-filesystem&quot;]; precursor=[]], [Goal: name=&quot;test:test-resources&quot;]; precursor=[[Goal: name=&quot;test:prepare-filesystem&quot;]; precursor=[]]]]]]]]]]]], jar:install-snapshot=[Goal: name=&quot;jar:install-snapshot&quot;]; precursor=[[Goal: name=&quot;jar:jar&quot;]; precursor=[[Goal: name=&quot;test:test&quot;]; precursor=[[Goal: name=&quot;test:compile&quot;]; precursor=[[Goal: name=&quot;java:compile&quot;]; precursor=[[Goal: name=&quot;java:prepare-filesystem&quot;]; precursor=[]]]], [Goal: name=&quot;java:jar-resources&quot;]; precursor=[]], [Goal: name=&quot;test:prepare-filesystem&quot;]; precursor=[]], [Goal: name=&quot;test:test-resources&quot;]; precursor=[[Goal: name=&quot;test:prepare-filesystem&quot;]; precursor=[]]]]]]]]]]]], pom:deploy-snapshot=[Goal: name=&quot;pom:deploy-snapshot&quot;]; precursor=[]], xdoc:generate-from-pom=[Goal: name=&quot;xdoc:generate-from-pom&quot;]; precursor=[[Goal: name=&quot;xdoc:init&quot;]; precursor=[]], [Goal: name=&quot;xdoc:register-reports&quot;]; precursor=[]]]], xdoc:init=[Goal: name=&quot;xdoc:init&quot;]; precursor=[]], maven-license-plugin:register=[Goal: name=&quot;maven-license-plugin:register&quot;]; precursor=[]], xdoc:transform=[Goal: name=&quot;xdoc:transform&quot;]; precursor=[[Goal: name=&quot;xdoc:init&quot;]; precursor=[]]]], pom:contentvalidate=[Goal: name=&quot;pom:contentvalidate&quot;]; precursor=[]], test=[Goal: name=&quot;test&quot;]; precursor=[[Goal: name=&quot;test:test&quot;]; precursor=[[Goal: name=&quot;test:compile&quot;]; precursor=[[Goal: name=&quot;java:compile&quot;]; precursor=[[Goal: name=&quot;java:prepare-filesystem&quot;]; precursor=[]]]], [Goal: name=&quot;java:jar-resources&quot;]; precursor=[]], [Goal: name=&quot;test:prepare-filesystem&quot;]; precursor=[]], [Goal: name=&quot;test:test-resources&quot;]; precursor=[[Goal: name=&quot;test:prepare-filesystem&quot;]; precursor=[]]]]]]]]]], xdoc:jelly-transform=[Goal: name=&quot;xdoc:jelly-transform&quot;]; precursor=[[Goal: name=&quot;xdoc:init&quot;]; precursor=[]], [Goal: name=&quot;xdoc:jelly-init&quot;]; precursor=[]], [Goal: name=&quot;xdoc:register-reports&quot;]; precursor=[]]]], artifact:load=[Goal: name=&quot;artifact:load&quot;]; precursor=[]], java:compile=[Goal: name=&quot;java:compile&quot;]; precursor=[[Goal: name=&quot;java:prepare-filesystem&quot;]; precursor=[]]]], license=[Goal: name=&quot;license&quot;]; precursor=[[Goal: name=&quot;license:transfer&quot;]; precursor=[[Goal: name=&quot;xdoc:init&quot;]; precursor=[]]]]]], jar:deploy-snapshot=[Goal: name=&quot;jar:deploy-snapshot&quot;]; precursor=[[Goal: name=&quot;jar:jar&quot;]; precursor=[[Goal: name=&quot;test:test&quot;]; precursor=[[Goal: name=&quot;test:compile&quot;]; precursor=[[Goal: name=&quot;java:compile&quot;]; precursor=[[Goal: name=&quot;java:prepare-filesystem&quot;]; precursor=[]]]], [Goal: name=&quot;java:jar-resources&quot;]; precursor=[]], [Goal: name=&quot;test:prepare-filesystem&quot;]; precursor=[]], [Goal: name=&quot;test:test-resources&quot;]; precursor=[[Goal: name=&quot;test:prepare-filesystem&quot;]; precursor=[]]]]]]]]]]]], build:start=[Goal: name=&quot;build:start&quot;]; precursor=[]], test:prepare-filesystem=[Goal: name=&quot;test:prepare-filesystem&quot;]; precursor=[]], maven-license-plugin:report=[Goal: name=&quot;maven-license-plugin:report&quot;]; precursor=[]], jar:jar=[Goal: name=&quot;jar:jar&quot;]; precursor=[[Goal: name=&quot;test:test&quot;]; precursor=[[Goal: name=&quot;test:compile&quot;]; precursor=[[Goal: name=&quot;java:compile&quot;]; precursor=[[Goal: name=&quot;java:prepare-filesystem&quot;]; precursor=[]]]], [Goal: name=&quot;java:jar-resources&quot;]; precursor=[]], [Goal: name=&quot;test:prepare-filesystem&quot;]; precursor=[]], [Goal: name=&quot;test:test-resources&quot;]; precursor=[[Goal: name=&quot;test:prepare-filesystem&quot;]; precursor=[]]]]]]]]]], pom:install=[Goal: name=&quot;pom:install&quot;]; precursor=[]], xdoc:validate=[Goal: name=&quot;xdoc:validate&quot;]; precursor=[[Goal: name=&quot;pom:taglib&quot;]; precursor=[]]]], xdoc=[Goal: name=&quot;xdoc&quot;]; precursor=[[Goal: name=&quot;xdoc:generate-from-pom&quot;]; precursor=[[Goal: name=&quot;xdoc:init&quot;]; precursor=[]], [Goal: name=&quot;xdoc:register-reports&quot;]; precursor=[]]]], [Goal: name=&quot;xdoc:transform&quot;]; precursor=[[Goal: name=&quot;xdoc:init&quot;]; precursor=[]]]]]], test:test-resources=[Goal: name=&quot;test:test-resources&quot;]; precursor=[[Goal: name=&quot;test:prepare-filesystem&quot;]; precursor=[]]]], xdoc:performJSL=[Goal: name=&quot;xdoc:performJSL&quot;]; precursor=[]], jar:deploy=[Goal: name=&quot;jar:deploy&quot;]; precursor=[[Goal: name=&quot;jar:jar&quot;]; precursor=[[Goal: name=&quot;test:test&quot;]; precursor=[[Goal: name=&quot;test:compile&quot;]; precursor=[[Goal: name=&quot;java:compile&quot;]; precursor=[[Goal: name=&quot;java:prepare-filesystem&quot;]; precursor=[]]]], [Goal: name=&quot;java:jar-resources&quot;]; precursor=[]], [Goal: name=&quot;test:prepare-filesystem&quot;]; precursor=[]], [Goal: name=&quot;test:test-resources&quot;]; precursor=[[Goal: name=&quot;test:prepare-filesystem&quot;]; precursor=[]]]]]]]]]]]], test:compile=[Goal: name=&quot;test:compile&quot;]; precursor=[[Goal: name=&quot;java:compile&quot;]; precursor=[[Goal: name=&quot;java:prepare-filesystem&quot;]; precursor=[]]]], [Goal: name=&quot;java:jar-resources&quot;]; precursor=[]], [Goal: name=&quot;test:prepare-filesystem&quot;]; precursor=[]], [Goal: name=&quot;test:test-resources&quot;]; precursor=[[Goal: name=&quot;test:prepare-filesystem&quot;]; precursor=[]]]]]], xdoc:copy-resources=[Goal: name=&quot;xdoc:copy-resources&quot;]; precursor=[[Goal: name=&quot;xdoc:init&quot;]; precursor=[]]]], test:ui=[Goal: name=&quot;test:ui&quot;]; precursor=[[Goal: name=&quot;test:compile&quot;]; precursor=[[Goal: name=&quot;java:compile&quot;]; precursor=[[Goal: name=&quot;java:prepare-filesystem&quot;]; precursor=[]]]], [Goal: name=&quot;java:jar-resources&quot;]; precursor=[]], [Goal: name=&quot;test:prepare-filesystem&quot;]; precursor=[]], [Goal: name=&quot;test:test-resources&quot;]; precursor=[[Goal: name=&quot;test:prepare-filesystem&quot;]; precursor=[]]]]]]]], xdoc:copy-user-resources=[Goal: name=&quot;xdoc:copy-user-resources&quot;]; precursor=[[Goal: name=&quot;xdoc:init&quot;]; precursor=[]]]], pom:install-snapshot=[Goal: name=&quot;pom:install-snapshot&quot;]; precursor=[]], maven-license-plugin:deregister=[Goal: name=&quot;maven-license-plugin:deregister&quot;]; precursor=[]], jar=[Goal: name=&quot;jar&quot;]; precursor=[[Goal: name=&quot;jar:jar&quot;]; precursor=[[Goal: name=&quot;test:test&quot;]; precursor=[[Goal: name=&quot;test:compile&quot;]; precursor=[[Goal: name=&quot;java:compile&quot;]; precursor=[[Goal: name=&quot;java:prepare-filesystem&quot;]; precursor=[]]]], [Goal: name=&quot;java:jar-resources&quot;]; precursor=[]], [Goal: name=&quot;test:prepare-filesystem&quot;]; precursor=[]], [Goal: name=&quot;test:test-resources&quot;]; precursor=[[Goal: name=&quot;test:prepare-filesystem&quot;]; precursor=[]]]]]]]]]]]], pom:validate=[Goal: name=&quot;pom:validate&quot;]; precursor=[[Goal: name=&quot;pom:verify-version&quot;]; precursor=[]]]], test:match-test=[Goal: name=&quot;test:match-test&quot;]; precursor=[]], java:prepare-filesystem=[Goal: name=&quot;java:prepare-filesystem&quot;]; precursor=[]], xdoc:register-reports=[Goal: name=&quot;xdoc:register-reports&quot;]; precursor=[]], pom:taglib=[Goal: name=&quot;pom:taglib&quot;]; precursor=[]], xdoc:dump-report-settings=[Goal: name=&quot;xdoc:dump-report-settings&quot;]; precursor=[]], antlr:prepare-filesystem=[Goal: name=&quot;antlr:prepare-filesystem&quot;]; precursor=[]], java:jar-resources=[Goal: name=&quot;java:jar-resources&quot;]; precursor=[]], pom:verify-version=[Goal: name=&quot;pom:verify-version&quot;]; precursor=[]], test:match=[Goal: name=&quot;test:match&quot;]; precursor=[[Goal: name=&quot;test:compile&quot;]; precursor=[[Goal: name=&quot;java:compile&quot;]; precursor=[[Goal: name=&quot;java:prepare-filesystem&quot;]; precursor=[]]]], [Goal: name=&quot;java:jar-resources&quot;]; precursor=[]], [Goal: name=&quot;test:prepare-filesystem&quot;]; precursor=[]], [Goal: name=&quot;test:test-resources&quot;]; precursor=[[Goal: name=&quot;test:prepare-filesystem&quot;]; precursor=[]]]]]]]], test:eclipse=[Goal: name=&quot;test:eclipse&quot;]; precursor=[]], antlr:generate=[Goal: name=&quot;antlr:generate&quot;]; precursor=[[Goal: name=&quot;antlr:prepare-filesystem&quot;]; precursor=[]]]], pom=[Goal: name=&quot;pom&quot;]; precursor=[[Goal: name=&quot;pom:validate&quot;]; precursor=[[Goal: name=&quot;pom:verify-version&quot;]; precursor=[]]]]]], java:jar=[Goal: name=&quot;java:jar&quot;]; precursor=[[Goal: name=&quot;jar:jar&quot;]; precursor=[[Goal: name=&quot;test:test&quot;]; precursor=[[Goal: name=&quot;test:compile&quot;]; precursor=[[Goal: name=&quot;java:compile&quot;]; precursor=[[Goal: name=&quot;java:prepare-filesystem&quot;]; precursor=[]]]], [Goal: name=&quot;java:jar-resources&quot;]; precursor=[]], [Goal: name=&quot;test:prepare-filesystem&quot;]; precursor=[]], [Goal: name=&quot;test:test-resources&quot;]; precursor=[[Goal: name=&quot;test:prepare-filesystem&quot;]; precursor=[]]]]]]]]]]]]};]"></property>
    <property name="java.awt.printerjob" value="sun.awt.windows.WPrinterJob"></property>
    <property name="forehead.conf.file" value="d:\Maven 1.0.1\bin\forehead.conf"></property>
    <property name="maven.final.name" value="axis2-1.0"></property>
    <property name="maven.jar.manifest" value="E:\SVN\java\dev\scratch\prototype2/conf/Manifest.mf"></property>
    <property name="maven.xdoc.distributionType" value="jar"></property>
    <property name="maven.scp.executable" value="scp"></property>
    <property name="maven.docs.dest" value="E:\SVN\java\dev\scratch\prototype2/target/docs"></property>
    <property name="os.name" value="Windows XP"></property>
    <property name="java.specification.vendor" value="Sun Microsystems Inc."></property>
    <property name="maven.docs.src" value="E:\SVN\java\dev\scratch\prototype2/xdocs"></property>
    <property name="java.vm.name" value="Java HotSpot(TM) Client VM"></property>
    <property name="java.library.path" value="C:\j2sdk1.4.2\bin;.;C:\WINDOWS\system32;C:\WINDOWS;C:\WINDOWS\system32;C:\WINDOWS;C:\WINDOWS\System32\Wbem;D:\PROGRA~1\ULTRAE~1;C:\MSSQL7\BINN;C:\Program Files\Common Files\Ulead Systems\MPEG;F:\Tutorials\XMLBeans\xmlbeans-1.0.3\bin;C:\j2sdk1.4.2\bin;D:\Maven 1.0.1\bin;D:\Program Files\TortoiseSVN\bin;d:\Program Files\SSH Communications Security\SSH Secure Shell"></property>
    <property name="maven.build" value="MAVEN_BUILD_NOT_SET"></property>
    <property name="ant.java.version" value="1.4"></property>
    <property name="maven.jar.compress" value="true"></property>
    <property name="basedir" value="E:\SVN\java\dev\scratch\prototype2"></property>
    <property name="java.class.version" value="48.0"></property>
    <property name="dir__" value="E:\SVN\java\dev\scratch\prototype2\src\testX"></property>
    <property name="maven.xdoc.poweredby.url" value="http://maven.apache.org/"></property>
    <property name="maven.final.dir" value="E:\SVN\java\dev\scratch\prototype2/axis2-1.0"></property>
    <property name="maven.xdoc.developmentProcessUrl" value="http://maven.apache.org/development-process.html"></property>
    <property name="maven.mode.online" value="true"></property>
    <property name="maven.test.dest" value="E:\SVN\java\dev\scratch\prototype2/target/test-classes"></property>
    <property name="maven.session.global" value="com.werken.werkz.jelly.JellySession@1be2893"></property>
    <property name="maven.xmlOutput" value="org.apache.commons.jelly.XMLOutput$1@1be4777[contentHandler=org.dom4j.io.XMLWriter@145e2d5;lexicalHandler=org.dom4j.io.XMLWriter@145e2d5]"></property>
    <property name="maven.test.skip" value="false"></property>
    <property name="maven.src.dir" value="E:\SVN\java\dev\scratch\prototype2/src"></property>
    <property name="sun.boot.library.path" value="C:\j2sdk1.4.2\jre\bin"></property>
    <property name="java.awt.graphicsenv" value="sun.awt.Win32GraphicsEnvironment"></property>
    <property name="user.variant" value=""></property>
    <property name="maven.junit.envvars" value=""></property>
    <property name="maven.compile.target" value="1.1"></property>
    <property name="maven.session" value="org.apache.maven.MavenSession@1a99347"></property>
    <property name="maven.xdoc.crumb.separator" value="|"></property>
    <property name="java.vm.specification.version" value="1.0"></property>
    <property name="pom" value="Axis2.0"></property>
    <property name="maven.test.reportsDirectory" value="E:\SVN\java\dev\scratch\prototype2/target/test-reports"></property>
    <property name="awt.toolkit" value="sun.awt.windows.WToolkit"></property>
    <property name="sun.cpu.isalist" value="pentium i486 i386"></property>
    <property name="maven.ant.project" value="org.apache.commons.grant.GrantProject@1f6f27b"></property>
    <property name="unitTestSourcesPresent" value="true"></property>
    <property name="maven.compile.source" value="1.3"></property>
    <property name="java.ext.dirs" value="C:\j2sdk1.4.2\jre\lib\ext"></property>
    <property name="os.version" value="5.1"></property>
    <property name="maven.jar.excludes" value="**/jndi.properties"></property>
    <property name="user.home" value="C:\Documents and Settings\EC"></property>
    <property name="java.vm.vendor" value="Sun Microsystems Inc."></property>
    <property name="javax.xml.parsers.DocumentBuilderFactory" value="org.apache.xerces.jaxp.DocumentBuilderFactoryImpl"></property>
    <property name="maven.xdoc.date.locale" value="en"></property>
    <property name="maven.xdoc.theme.url" value=""></property>
    <property name="user.dir" value="E:\SVN\java\dev\scratch\prototype2"></property>
    <property name="maven.artifact.manifest.extensions.add" value="false"></property>
    <property name="maven.xdoc.theme" value="theme"></property>
    <property name="maven.build.src" value="E:\SVN\java\dev\scratch\prototype2/target/src"></property>
    <property name="maven.default.goal" value="jar"></property>
    <property name="sun.cpu.endian" value="little"></property>
    <property name="maven.distDirectory" value="E:\SVN\java\dev\scratch\prototype2/dist"></property>
    <property name="project" value="org.apache.commons.grant.GrantProject@1f6f27b"></property>
    <property name="maven.defaults.loaded" value="true"></property>
    <property name="maven.username" value="USERNAME_NOT_SET"></property>
    <property name="java.vm.version" value="1.4.2_01-b06"></property>
    <property name="java.class.path" value="d:\Maven 1.0.1\lib\forehead-1.0-beta-5.jar"></property>
    <property name="javax.xml.parsers.SAXParserFactory" value="org.apache.xerces.jaxp.SAXParserFactoryImpl"></property>
    <property name="os.arch" value="x86"></property>
    <property name="maven.debugOn" value="false"></property>
    <property name="maven.junit.jvmargs" value=""></property>
    <property name="maven.repo.remote" value="http://ws.apache.org/~dims/maven, http://www.ibiblio.org/maven, http://ws.apache.org/~hemapani/maven,http://dist.codehaus.org"></property>
    <property name="maven.application.version" value="1.0.1"></property>
    <property name="maven.license.licenseFile" value="E:\SVN\java\dev\scratch\prototype2/LICENSE.txt"></property>
    <property name="java.vm.specification.vendor" value="Sun Microsystems Inc."></property>
    <property name="maven.gen.docs" value="E:\SVN\java\dev\scratch\prototype2/target/generated-xdocs"></property>
    <property name="file.separator" value="\"></property>
    <property name="java.runtime.version" value="1.4.2_01-b06"></property>
    <property name="sun.boot.class.path" value="d:\Maven 1.0.1\lib\endorsed\xerces-2.4.0.jar;d:\Maven 1.0.1\lib\endorsed\xml-apis-1.0.b2.jar;C:\j2sdk1.4.2\jre\lib\rt.jar;C:\j2sdk1.4.2\jre\lib\i18n.jar;C:\j2sdk1.4.2\jre\lib\sunrsasign.jar;C:\j2sdk1.4.2\jre\lib\jsse.jar;C:\j2sdk1.4.2\jre\lib\jce.jar;C:\j2sdk1.4.2\jre\lib\charsets.jar;C:\j2sdk1.4.2\jre\classes"></property>
    <property name="maven.home.local" value="C:\Documents and Settings\EC/.maven"></property>
    <property name="sun.java2d.fontpath" value=""></property>
    <property name="user.country" value="US"></property>
    <property name="maven.home" value="d:\Maven 1.0.1"></property>
    <property name="maven.antlr.src.dir" value="MAVEN_ANTLR_SRC_DIR_NOT_SET"></property>
    <property name="tools.jar" value="C:\j2sdk1.4.2\lib\tools.jar"></property>
    <property name="maven.distBuildDirectory" value="E:\SVN\java\dev\scratch\prototype2/target"></property>
    <property name="java.vendor" value="Sun Microsystems Inc."></property>
    <property name="maven.docs.outputencoding" value="ISO-8859-1"></property>
    <property name="java.specification.version" value="1.4"></property>
    <property name="maven.ui.navcol.width" value="20%"></property>
    <property name="sun.arch.data.model" value="32"></property>
  </properties>
  <testcase name="testStaxBuilder" time="0.125"></testcase>
  <system-out><![CDATA[]]></system-out>
  <system-err><![CDATA[]]></system-err>
</testsuite>
